1573902601002	mozrunner::runner	INFO	Running command: "/usr/bin/firefox" "-marionette" "-foreground" "-no-remote" "-profile" "/tmp/rust_mozprofile5iVzgU"
1573902602325	addons.webextension.screenshots@mozilla.org	WARN	Loading extension 'screenshots@mozilla.org': Reading manifest: Invalid host permission: resource://pdf.js/
1573902602325	addons.webextension.screenshots@mozilla.org	WARN	Loading extension 'screenshots@mozilla.org': Reading manifest: Invalid host permission: about:reader*

(firefox:14716): Gtk-WARNING **: 12:10:02.973: Theme parsing error: <data>:1:34: Expected ')' in color definition

(firefox:14716): Gtk-WARNING **: 12:10:02.974: Theme parsing error: <data>:1:78: Expected ')' in color definition
1573902608279	Marionette	INFO	Listening on port 32797
1573902608373	Marionette	WARN	TLS certificate errors will be ignored for this session
[GFX1-]: Receive IPC close with reason=AbnormalShutdown
[Child 14855, Chrome_ChildThread] WARNING: pipe error (3): Connection reset by peer: file /build/firefox-fvtOIe/firefox-64.0+linuxmint2+tessa/ipc/chromium/src/chrome/common/ipc_channel_posix.cc, line 363
[GFX1-]: Receive IPC close with reason=AbnormalShutdown
[Child 14791, Chrome_ChildThread] WARNING: pipe error (3): Connection reset by peer: file /build/firefox-fvtOIe/firefox-64.0+linuxmint2+tessa/ipc/chromium/src/chrome/common/ipc_channel_posix.cc, line 363
1573902744622	mozrunner::runner	INFO	Running command: "/usr/bin/firefox" "-marionette" "-foreground" "-no-remote" "-profile" "/tmp/rust_mozprofilewzEW3l"
1573902745761	addons.webextension.screenshots@mozilla.org	WARN	Loading extension 'screenshots@mozilla.org': Reading manifest: Invalid host permission: resource://pdf.js/
1573902745762	addons.webextension.screenshots@mozilla.org	WARN	Loading extension 'screenshots@mozilla.org': Reading manifest: Invalid host permission: about:reader*

(firefox:14955): Gtk-WARNING **: 12:12:26.407: Theme parsing error: <data>:1:34: Expected ')' in color definition

(firefox:14955): Gtk-WARNING **: 12:12:26.407: Theme parsing error: <data>:1:78: Expected ')' in color definition
1573902750859	Marionette	INFO	Listening on port 33141
1573902750941	Marionette	WARN	TLS certificate errors will be ignored for this session
[GFX1-]: Receive IPC close with reason=AbnormalShutdown
[GFX1-]: Receive IPC close with reason=AbnormalShutdown
[Child 15015, Chrome_ChildThread] WARNING: pipe error (3): Connection reset by peer: file /build/firefox-fvtOIe/firefox-64.0+linuxmint2+tessa/ipc/chromium/src/chrome/common/ipc_channel_posix.cc, line 363
1573902830567	mozrunner::runner	INFO	Running command: "/usr/bin/firefox" "-marionette" "-foreground" "-no-remote" "-profile" "/tmp/rust_mozprofileqGvSJr"
1573902831800	addons.webextension.screenshots@mozilla.org	WARN	Loading extension 'screenshots@mozilla.org': Reading manifest: Invalid host permission: resource://pdf.js/
1573902831800	addons.webextension.screenshots@mozilla.org	WARN	Loading extension 'screenshots@mozilla.org': Reading manifest: Invalid host permission: about:reader*

(firefox:15162): Gtk-WARNING **: 12:13:52.413: Theme parsing error: <data>:1:34: Expected ')' in color definition

(firefox:15162): Gtk-WARNING **: 12:13:52.413: Theme parsing error: <data>:1:78: Expected ')' in color definition
1573902837003	Marionette	INFO	Listening on port 44403
1573902837047	Marionette	WARN	TLS certificate errors will be ignored for this session
1573902879672	mozrunner::runner	INFO	Running command: "/usr/bin/firefox" "-marionette" "-foreground" "-no-remote" "-profile" "/tmp/rust_mozprofileUoTou9"
1573902880836	addons.webextension.screenshots@mozilla.org	WARN	Loading extension 'screenshots@mozilla.org': Reading manifest: Invalid host permission: resource://pdf.js/
1573902880837	addons.webextension.screenshots@mozilla.org	WARN	Loading extension 'screenshots@mozilla.org': Reading manifest: Invalid host permission: about:reader*

(firefox:15406): Gtk-WARNING **: 12:14:41.463: Theme parsing error: <data>:1:34: Expected ')' in color definition

(firefox:15406): Gtk-WARNING **: 12:14:41.463: Theme parsing error: <data>:1:78: Expected ')' in color definition
1573902885602	Marionette	INFO	Listening on port 36303
1573902885697	Marionette	WARN	TLS certificate errors will be ignored for this session
[GFX1-]: Receive IPC close with reason=AbnormalShutdown
[Child 15494, Chrome_ChildThread] WARNING: pipe error (3): Connection reset by peer: file /build/firefox-fvtOIe/firefox-64.0+linuxmint2+tessa/ipc/chromium/src/chrome/common/ipc_channel_posix.cc, line 363
1573903087820	mozrunner::runner	INFO	Running command: "/usr/bin/firefox" "-marionette" "-foreground" "-no-remote" "-profile" "/tmp/rust_mozprofileMcdDxO"
1573903089090	addons.webextension.screenshots@mozilla.org	WARN	Loading extension 'screenshots@mozilla.org': Reading manifest: Invalid host permission: resource://pdf.js/
1573903089091	addons.webextension.screenshots@mozilla.org	WARN	Loading extension 'screenshots@mozilla.org': Reading manifest: Invalid host permission: about:reader*

(firefox:15655): Gtk-WARNING **: 12:18:09.873: Theme parsing error: <data>:1:34: Expected ')' in color definition

(firefox:15655): Gtk-WARNING **: 12:18:09.873: Theme parsing error: <data>:1:78: Expected ')' in color definition
1573903096136	Marionette	INFO	Listening on port 39317
1573903096193	Marionette	WARN	TLS certificate errors will be ignored for this session
console.error: BroadcastService: 
  receivedBroadcastMessage: handler for
  remote-settings/monitor_changes
  threw error:
  Message: Error: Polling for changes failed: NetworkError when attempting to fetch resource..
  Stack:
    remoteSettingsFunction/remoteSettings.pollChanges@resource://services-settings/remote-settings.js:750:13

console.error: BroadcastService: 
  receivedBroadcastMessage: handler for
  remote-settings/monitor_changes
  threw error:
  Message: Error: Polling for changes failed: NetworkError when attempting to fetch resource..
  Stack:
    remoteSettingsFunction/remoteSettings.pollChanges@resource://services-settings/remote-settings.js:750:13

[GFX1-]: Receive IPC close with reason=AbnormalShutdown
[GFX1-]: Receive IPC close with reason=AbnormalShutdown
[Child 15787, Chrome_ChildThread] WARNING: pipe error (3): Connection reset by peer: file /build/firefox-fvtOIe/firefox-64.0+linuxmint2+tessa/ipc/chromium/src/chrome/common/ipc_channel_posix.cc, line 363
[Child 15864, Chrome_ChildThread] WARNING: pipe error (3): Connection reset by peer: file /build/firefox-fvtOIe/firefox-64.0+linuxmint2+tessa/ipc/chromium/src/chrome/common/ipc_channel_posix.cc, line 363
[GFX1-]: Receive IPC close with reason=AbnormalShutdown
[Child 15710, Chrome_ChildThread] WARNING: pipe error (3): Connection reset by peer: file /build/firefox-fvtOIe/firefox-64.0+linuxmint2+tessa/ipc/chromium/src/chrome/common/ipc_channel_posix.cc, line 363
1573906465740	mozrunner::runner	INFO	Running command: "/usr/bin/firefox" "-marionette" "-foreground" "-no-remote" "-profile" "/tmp/rust_mozprofile5v5MGw"
1573906467072	addons.webextension.screenshots@mozilla.org	WARN	Loading extension 'screenshots@mozilla.org': Reading manifest: Invalid host permission: resource://pdf.js/
1573906467073	addons.webextension.screenshots@mozilla.org	WARN	Loading extension 'screenshots@mozilla.org': Reading manifest: Invalid host permission: about:reader*

(firefox:16804): Gtk-WARNING **: 13:14:27.759: Theme parsing error: <data>:1:34: Expected ')' in color definition

(firefox:16804): Gtk-WARNING **: 13:14:27.760: Theme parsing error: <data>:1:78: Expected ')' in color definition
1573906472735	Marionette	INFO	Listening on port 40211
1573906472848	Marionette	WARN	TLS certificate errors will be ignored for this session
[Parent 15162, Gecko_IOThread] WARNING: pipe error (67): Connection reset by peer: file /build/firefox-fvtOIe/firefox-64.0+linuxmint2+tessa/ipc/chromium/src/chrome/common/ipc_channel_posix.cc, line 363
[Parent 15162, Gecko_IOThread] WARNING: pipe error (84): Connection reset by peer: file /build/firefox-fvtOIe/firefox-64.0+linuxmint2+tessa/ipc/chromium/src/chrome/common/ipc_channel_posix.cc, line 363
1573906587815	Marionette	INFO	Stopped listening on port 44403
[Parent 16804, Gecko_IOThread] WARNING: pipe error (75): Connection reset by peer: file /build/firefox-fvtOIe/firefox-64.0+linuxmint2+tessa/ipc/chromium/src/chrome/common/ipc_channel_posix.cc, line 363
1573906636132	Marionette	INFO	Stopped listening on port 40211
1573906658131	mozrunner::runner	INFO	Running command: "/usr/bin/firefox" "-marionette" "-headless" "-foreground" "-no-remote" "-profile" "/tmp/rust_mozprofile5nkOQt"
*** You are running in headless mode.
1573906659203	addons.webextension.screenshots@mozilla.org	WARN	Loading extension 'screenshots@mozilla.org': Reading manifest: Invalid host permission: resource://pdf.js/
1573906659204	addons.webextension.screenshots@mozilla.org	WARN	Loading extension 'screenshots@mozilla.org': Reading manifest: Invalid host permission: about:reader*
1573906663994	Marionette	INFO	Listening on port 45955
1573906664150	Marionette	WARN	TLS certificate errors will be ignored for this session
console.error: BroadcastService: 
  receivedBroadcastMessage: handler for
  remote-settings/monitor_changes
  threw error:
  Message: Error: Polling for changes failed: NetworkError when attempting to fetch resource..
  Stack:
    remoteSettingsFunction/remoteSettings.pollChanges@resource://services-settings/remote-settings.js:750:13

[GFX1-]: Receive IPC close with reason=AbnormalShutdown
[Child 17219, Chrome_ChildThread] WARNING: pipe error (3): Connection reset by peer: file /build/firefox-fvtOIe/firefox-64.0+linuxmint2+tessa/ipc/chromium/src/chrome/common/ipc_channel_posix.cc, line 363
1573906760738	mozrunner::runner	INFO	Running command: "/usr/bin/firefox" "-marionette" "-headless" "-foreground" "-no-remote" "-profile" "/tmp/rust_mozprofileeXZO7x"
*** You are running in headless mode.
1573906761844	addons.webextension.screenshots@mozilla.org	WARN	Loading extension 'screenshots@mozilla.org': Reading manifest: Invalid host permission: resource://pdf.js/
1573906761844	addons.webextension.screenshots@mozilla.org	WARN	Loading extension 'screenshots@mozilla.org': Reading manifest: Invalid host permission: about:reader*
1573906766408	Marionette	INFO	Listening on port 43347
1573906766476	Marionette	WARN	TLS certificate errors will be ignored for this session
console.error: BroadcastService: 
  receivedBroadcastMessage: handler for
  remote-settings/monitor_changes
  threw error:
  Message: Error: Polling for changes failed: NetworkError when attempting to fetch resource..
  Stack:
    remoteSettingsFunction/remoteSettings.pollChanges@resource://services-settings/remote-settings.js:750:13

1573908885624	mozrunner::runner	INFO	Running command: "/usr/bin/firefox" "-marionette" "-headless" "-foreground" "-no-remote" "-profile" "/tmp/rust_mozprofileO7hMfH"
*** You are running in headless mode.
1573908886644	addons.webextension.screenshots@mozilla.org	WARN	Loading extension 'screenshots@mozilla.org': Reading manifest: Invalid host permission: resource://pdf.js/
1573908886645	addons.webextension.screenshots@mozilla.org	WARN	Loading extension 'screenshots@mozilla.org': Reading manifest: Invalid host permission: about:reader*
1573908891013	Marionette	INFO	Listening on port 39037
1573908891092	Marionette	WARN	TLS certificate errors will be ignored for this session
console.error: BroadcastService: 
  receivedBroadcastMessage: handler for
  remote-settings/monitor_changes
  threw error:
  Message: Error: Polling for changes failed: NetworkError when attempting to fetch resource..
  Stack:
    remoteSettingsFunction/remoteSettings.pollChanges@resource://services-settings/remote-settings.js:750:13

1573908948336	mozrunner::runner	INFO	Running command: "/usr/bin/firefox" "-marionette" "-headless" "-foreground" "-no-remote" "-profile" "/tmp/rust_mozprofileSa1y2u"
*** You are running in headless mode.
1573908949360	addons.webextension.screenshots@mozilla.org	WARN	Loading extension 'screenshots@mozilla.org': Reading manifest: Invalid host permission: resource://pdf.js/
1573908949360	addons.webextension.screenshots@mozilla.org	WARN	Loading extension 'screenshots@mozilla.org': Reading manifest: Invalid host permission: about:reader*
1573908954212	Marionette	INFO	Listening on port 38335
1573908954336	Marionette	WARN	TLS certificate errors will be ignored for this session
console.error: BroadcastService: 
  receivedBroadcastMessage: handler for
  remote-settings/monitor_changes
  threw error:
  Message: Error: Polling for changes failed: NetworkError when attempting to fetch resource..
  Stack:
    remoteSettingsFunction/remoteSettings.pollChanges@resource://services-settings/remote-settings.js:750:13

1573908987734	mozrunner::runner	INFO	Running command: "/usr/bin/firefox" "-marionette" "-foreground" "-no-remote" "-profile" "/tmp/rust_mozprofileqNvA4V"
1573908989106	addons.webextension.screenshots@mozilla.org	WARN	Loading extension 'screenshots@mozilla.org': Reading manifest: Invalid host permission: resource://pdf.js/
1573908989106	addons.webextension.screenshots@mozilla.org	WARN	Loading extension 'screenshots@mozilla.org': Reading manifest: Invalid host permission: about:reader*

(firefox:19014): Gtk-WARNING **: 13:56:29.737: Theme parsing error: <data>:1:34: Expected ')' in color definition

(firefox:19014): Gtk-WARNING **: 13:56:29.737: Theme parsing error: <data>:1:78: Expected ')' in color definition
1573908994577	Marionette	INFO	Listening on port 34955
1573908994611	Marionette	WARN	TLS certificate errors will be ignored for this session
1573909130263	mozrunner::runner	INFO	Running command: "/usr/bin/firefox" "-marionette" "-foreground" "-no-remote" "-profile" "/tmp/rust_mozprofileIVJCz4"
1573909131385	addons.webextension.screenshots@mozilla.org	WARN	Loading extension 'screenshots@mozilla.org': Reading manifest: Invalid host permission: resource://pdf.js/
1573909131385	addons.webextension.screenshots@mozilla.org	WARN	Loading extension 'screenshots@mozilla.org': Reading manifest: Invalid host permission: about:reader*

(firefox:19238): Gtk-WARNING **: 13:58:52.044: Theme parsing error: <data>:1:34: Expected ')' in color definition

(firefox:19238): Gtk-WARNING **: 13:58:52.044: Theme parsing error: <data>:1:78: Expected ')' in color definition
1573909137120	Marionette	INFO	Listening on port 37961
1573909137203	Marionette	WARN	TLS certificate errors will be ignored for this session
[Parent 19014, Gecko_IOThread] WARNING: pipe error (75): Connection reset by peer: file /build/firefox-fvtOIe/firefox-64.0+linuxmint2+tessa/ipc/chromium/src/chrome/common/ipc_channel_posix.cc, line 363
1573909138602	Marionette	INFO	Stopped listening on port 34955
1573909206094	Marionette	INFO	Stopped listening on port 37961
1573909260167	mozrunner::runner	INFO	Running command: "/usr/bin/firefox" "-marionette" "-foreground" "-no-remote" "-profile" "/tmp/rust_mozprofileaABj1P"
1573909261477	addons.webextension.screenshots@mozilla.org	WARN	Loading extension 'screenshots@mozilla.org': Reading manifest: Invalid host permission: resource://pdf.js/
1573909261477	addons.webextension.screenshots@mozilla.org	WARN	Loading extension 'screenshots@mozilla.org': Reading manifest: Invalid host permission: about:reader*

(firefox:19578): Gtk-WARNING **: 14:01:02.439: Theme parsing error: <data>:1:34: Expected ')' in color definition

(firefox:19578): Gtk-WARNING **: 14:01:02.440: Theme parsing error: <data>:1:78: Expected ')' in color definition
1573909267931	Marionette	INFO	Listening on port 34805
1573909267972	Marionette	WARN	TLS certificate errors will be ignored for this session
1573909295836	mozrunner::runner	INFO	Running command: "/usr/bin/firefox" "-marionette" "-foreground" "-no-remote" "-profile" "/tmp/rust_mozprofilep2v0nU"
1573909297123	addons.webextension.screenshots@mozilla.org	WARN	Loading extension 'screenshots@mozilla.org': Reading manifest: Invalid host permission: resource://pdf.js/
1573909297124	addons.webextension.screenshots@mozilla.org	WARN	Loading extension 'screenshots@mozilla.org': Reading manifest: Invalid host permission: about:reader*
1573909298150	Marionette	INFO	Stopped listening on port 34805

(firefox:19780): Gtk-WARNING **: 14:01:38.359: Theme parsing error: <data>:1:34: Expected ')' in color definition

(firefox:19780): Gtk-WARNING **: 14:01:38.361: Theme parsing error: <data>:1:78: Expected ')' in color definition
1573909303259	Marionette	INFO	Listening on port 41035
1573909303318	Marionette	WARN	TLS certificate errors will be ignored for this session
console.error: BroadcastService: 
  receivedBroadcastMessage: handler for
  remote-settings/monitor_changes
  threw error:
  Message: Error: Polling for changes failed: NetworkError when attempting to fetch resource..
  Stack:
    remoteSettingsFunction/remoteSettings.pollChanges@resource://services-settings/remote-settings.js:750:13

1573909352095	mozrunner::runner	INFO	Running command: "/usr/bin/firefox" "-marionette" "-foreground" "-no-remote" "-profile" "/tmp/rust_mozprofilebw3vmB"
1573909353372	addons.webextension.screenshots@mozilla.org	WARN	Loading extension 'screenshots@mozilla.org': Reading manifest: Invalid host permission: resource://pdf.js/
1573909353372	addons.webextension.screenshots@mozilla.org	WARN	Loading extension 'screenshots@mozilla.org': Reading manifest: Invalid host permission: about:reader*

(firefox:19988): Gtk-WARNING **: 14:02:33.998: Theme parsing error: <data>:1:34: Expected ')' in color definition

(firefox:19988): Gtk-WARNING **: 14:02:33.998: Theme parsing error: <data>:1:78: Expected ')' in color definition
1573909358478	Marionette	INFO	Listening on port 42123
1573909358574	Marionette	WARN	TLS certificate errors will be ignored for this session
[Parent 19988, Gecko_IOThread] WARNING: pipe error (75): Connection reset by peer: file /build/firefox-fvtOIe/firefox-64.0+linuxmint2+tessa/ipc/chromium/src/chrome/common/ipc_channel_posix.cc, line 363
1573909422148	Marionette	INFO	Stopped listening on port 42123
1573909447271	mozrunner::runner	INFO	Running command: "/usr/bin/firefox" "-marionette" "-foreground" "-no-remote" "-profile" "/tmp/rust_mozprofilefE73sU"
1573909448596	addons.webextension.screenshots@mozilla.org	WARN	Loading extension 'screenshots@mozilla.org': Reading manifest: Invalid host permission: resource://pdf.js/
1573909448596	addons.webextension.screenshots@mozilla.org	WARN	Loading extension 'screenshots@mozilla.org': Reading manifest: Invalid host permission: about:reader*

(firefox:20189): Gtk-WARNING **: 14:04:09.238: Theme parsing error: <data>:1:34: Expected ')' in color definition

(firefox:20189): Gtk-WARNING **: 14:04:09.238: Theme parsing error: <data>:1:78: Expected ')' in color definition
1573909454249	Marionette	INFO	Listening on port 42867
1573909454301	Marionette	WARN	TLS certificate errors will be ignored for this session
1573909518278	mozrunner::runner	INFO	Running command: "/usr/bin/firefox" "-marionette" "-foreground" "-no-remote" "-profile" "/tmp/rust_mozprofile90o7RV"
1573909519479	addons.webextension.screenshots@mozilla.org	WARN	Loading extension 'screenshots@mozilla.org': Reading manifest: Invalid host permission: resource://pdf.js/
1573909519479	addons.webextension.screenshots@mozilla.org	WARN	Loading extension 'screenshots@mozilla.org': Reading manifest: Invalid host permission: about:reader*

(firefox:20378): Gtk-WARNING **: 14:05:20.178: Theme parsing error: <data>:1:34: Expected ')' in color definition

(firefox:20378): Gtk-WARNING **: 14:05:20.178: Theme parsing error: <data>:1:78: Expected ')' in color definition
1573909526152	Marionette	INFO	Listening on port 32919
1573909526272	Marionette	WARN	TLS certificate errors will be ignored for this session
1573909529351	Marionette	INFO	Stopped listening on port 42867
[Parent 19780, Gecko_IOThread] WARNING: pipe error (68): Connection reset by peer: file /build/firefox-fvtOIe/firefox-64.0+linuxmint2+tessa/ipc/chromium/src/chrome/common/ipc_channel_posix.cc, line 363
1573909532300	Marionette	INFO	Stopped listening on port 41035
*************************
A coding exception was thrown in a Promise resolution callback.
See https://developer.mozilla.org/Mozilla/JavaScript_code_modules/Promise.jsm/Promise

Full message: TypeError: container.editor is undefined
Full stack: showNode/<@resource://devtools/shared/base-loader.js -> resource://devtools/client/inspector/markup/markup.js:1247:7
process@resource://gre/modules/Promise.jsm -> resource://gre/modules/Promise-backend.js:928:23
walkerLoop@resource://gre/modules/Promise.jsm -> resource://gre/modules/Promise-backend.js:812:29
scheduleWalkerLoop/<@resource://gre/modules/Promise.jsm -> resource://gre/modules/Promise-backend.js:748:11

*************************
console.error: (new TypeError("container.editor is undefined", "resource://devtools/shared/base-loader.js -> resource://devtools/client/inspector/markup/markup.js", 1247))
JavaScript error: resource://devtools/shared/base-loader.js -> resource://devtools/shared/protocol.js, line 1314: Error: Connection closed, pending request to server1.conn0.child1/domnode117, type setNodeValue failed

Request stack:
request@resource://devtools/shared/base-loader.js -> resource://devtools/shared/protocol.js:1374:14
generateRequestMethods/</frontProto[name]@resource://devtools/shared/base-loader.js -> resource://devtools/shared/protocol.js:1528:14
done/</</<@resource://devtools/shared/base-loader.js -> resource://devtools/client/inspector/markup/views/text-editor.js:50:13
do@resource://devtools/shared/base-loader.js -> resource://devtools/client/shared/undo.js:72:11
endBatch@resource://devtools/shared/base-loader.js -> resource://devtools/client/shared/undo.js:83:5
do@resource://devtools/shared/base-loader.js -> resource://devtools/client/shared/undo.js:96:5
done/</<@resource://devtools/shared/base-loader.js -> resource://devtools/client/inspector/markup/views/text-editor.js:49:11
process@resource://gre/modules/Promise.jsm -> resource://gre/modules/Promise-backend.js:928:23
walkerLoop@resource://gre/modules/Promise.jsm -> resource://gre/modules/Promise-backend.js:812:29
scheduleWalkerLoop/<@resource://gre/modules/Promise.jsm -> resource://gre/modules/Promise-backend.js:748:11

1573909676027	Marionette	INFO	Stopped listening on port 32919
1573909728240	mozrunner::runner	INFO	Running command: "/usr/bin/firefox" "-marionette" "-foreground" "-no-remote" "-profile" "/tmp/rust_mozprofilegP66yv"
1573909729467	addons.webextension.screenshots@mozilla.org	WARN	Loading extension 'screenshots@mozilla.org': Reading manifest: Invalid host permission: resource://pdf.js/
1573909729468	addons.webextension.screenshots@mozilla.org	WARN	Loading extension 'screenshots@mozilla.org': Reading manifest: Invalid host permission: about:reader*

(firefox:20646): Gtk-WARNING **: 14:08:50.190: Theme parsing error: <data>:1:34: Expected ')' in color definition

(firefox:20646): Gtk-WARNING **: 14:08:50.190: Theme parsing error: <data>:1:78: Expected ')' in color definition
1573909735173	Marionette	INFO	Listening on port 37957
1573909735260	Marionette	WARN	TLS certificate errors will be ignored for this session
[GFX1-]: Receive IPC close with reason=AbnormalShutdown
[Child 20780, Chrome_ChildThread] WARNING: pipe error (3): Connection reset by peer: file /build/firefox-fvtOIe/firefox-64.0+linuxmint2+tessa/ipc/chromium/src/chrome/common/ipc_channel_posix.cc, line 363
[GFX1-]: Receive IPC close with reason=AbnormalShutdown
[Child 20726, Chrome_ChildThread] WARNING: pipe error (3): Connection reset by peer: file /build/firefox-fvtOIe/firefox-64.0+linuxmint2+tessa/ipc/chromium/src/chrome/common/ipc_channel_posix.cc, line 363
[GFX1-]: Receive IPC close with reason=AbnormalShutdown
[Child 20704, Chrome_ChildThread] WARNING: pipe error (3): Connection reset by peer: file /build/firefox-fvtOIe/firefox-64.0+linuxmint2+tessa/ipc/chromium/src/chrome/common/ipc_channel_posix.cc, line 363
1573910754356	mozrunner::runner	INFO	Running command: "/usr/bin/firefox" "-marionette" "-foreground" "-no-remote" "-profile" "/tmp/rust_mozprofileL5y21Q"
1573910755480	addons.webextension.screenshots@mozilla.org	WARN	Loading extension 'screenshots@mozilla.org': Reading manifest: Invalid host permission: resource://pdf.js/
1573910755480	addons.webextension.screenshots@mozilla.org	WARN	Loading extension 'screenshots@mozilla.org': Reading manifest: Invalid host permission: about:reader*

(firefox:21016): Gtk-WARNING **: 14:25:56.109: Theme parsing error: <data>:1:34: Expected ')' in color definition

(firefox:21016): Gtk-WARNING **: 14:25:56.109: Theme parsing error: <data>:1:78: Expected ')' in color definition
1573910760914	Marionette	INFO	Listening on port 36187
1573910761068	Marionette	WARN	TLS certificate errors will be ignored for this session
console.error: BroadcastService: 
  receivedBroadcastMessage: handler for
  remote-settings/monitor_changes
  threw error:
  Message: Error: Polling for changes failed: NetworkError when attempting to fetch resource..
  Stack:
    remoteSettingsFunction/remoteSettings.pollChanges@resource://services-settings/remote-settings.js:750:13

1573911223682	mozrunner::runner	INFO	Running command: "/usr/bin/firefox" "-marionette" "-foreground" "-no-remote" "-profile" "/tmp/rust_mozprofilePatioU"
1573911224856	addons.webextension.screenshots@mozilla.org	WARN	Loading extension 'screenshots@mozilla.org': Reading manifest: Invalid host permission: resource://pdf.js/
1573911224856	addons.webextension.screenshots@mozilla.org	WARN	Loading extension 'screenshots@mozilla.org': Reading manifest: Invalid host permission: about:reader*

(firefox:21333): Gtk-WARNING **: 14:33:45.500: Theme parsing error: <data>:1:34: Expected ')' in color definition

(firefox:21333): Gtk-WARNING **: 14:33:45.500: Theme parsing error: <data>:1:78: Expected ')' in color definition
1573911230633	Marionette	INFO	Listening on port 38223
1573911230679	Marionette	WARN	TLS certificate errors will be ignored for this session
1573911264130	mozrunner::runner	INFO	Running command: "/usr/bin/firefox" "-marionette" "-foreground" "-no-remote" "-profile" "/tmp/rust_mozprofile2RluhC"
1573911265491	addons.webextension.screenshots@mozilla.org	WARN	Loading extension 'screenshots@mozilla.org': Reading manifest: Invalid host permission: resource://pdf.js/
1573911265492	addons.webextension.screenshots@mozilla.org	WARN	Loading extension 'screenshots@mozilla.org': Reading manifest: Invalid host permission: about:reader*

(firefox:21513): Gtk-WARNING **: 14:34:26.332: Theme parsing error: <data>:1:34: Expected ')' in color definition

(firefox:21513): Gtk-WARNING **: 14:34:26.332: Theme parsing error: <data>:1:78: Expected ')' in color definition
1573911267760	Marionette	INFO	Stopped listening on port 38223
1573911272481	Marionette	INFO	Listening on port 39619
1573911272553	Marionette	WARN	TLS certificate errors will be ignored for this session
1573911326551	mozrunner::runner	INFO	Running command: "/usr/bin/firefox" "-marionette" "-headless" "-foreground" "-no-remote" "-profile" "/tmp/rust_mozprofileDZb5ii"
*** You are running in headless mode.
1573911327615	addons.webextension.screenshots@mozilla.org	WARN	Loading extension 'screenshots@mozilla.org': Reading manifest: Invalid host permission: resource://pdf.js/
1573911327616	addons.webextension.screenshots@mozilla.org	WARN	Loading extension 'screenshots@mozilla.org': Reading manifest: Invalid host permission: about:reader*
1573911332238	Marionette	INFO	Listening on port 41925
1573911332290	Marionette	WARN	TLS certificate errors will be ignored for this session
console.error: BroadcastService: 
  receivedBroadcastMessage: handler for
  remote-settings/monitor_changes
  threw error:
  Message: Error: Polling for changes failed: NetworkError when attempting to fetch resource..
  Stack:
    remoteSettingsFunction/remoteSettings.pollChanges@resource://services-settings/remote-settings.js:750:13

[Parent 21513, Gecko_IOThread] WARNING: pipe error (67): Connection reset by peer: file /build/firefox-fvtOIe/firefox-64.0+linuxmint2+tessa/ipc/chromium/src/chrome/common/ipc_channel_posix.cc, line 363
[Parent 21513, Gecko_IOThread] WARNING: pipe error (116): Connection reset by peer: file /build/firefox-fvtOIe/firefox-64.0+linuxmint2+tessa/ipc/chromium/src/chrome/common/ipc_channel_posix.cc, line 363
1573911390392	Marionette	INFO	Stopped listening on port 39619
[GFX1-]: Receive IPC close with reason=AbnormalShutdown
[Child 21779, Chrome_ChildThread] WARNING: pipe error (3): Connection reset by peer: file /build/firefox-fvtOIe/firefox-64.0+linuxmint2+tessa/ipc/chromium/src/chrome/common/ipc_channel_posix.cc, line 363
1573912537386	mozrunner::runner	INFO	Running command: "/usr/bin/firefox" "-marionette" "-headless" "-foreground" "-no-remote" "-profile" "/tmp/rust_mozprofileBseDks"
*** You are running in headless mode.
1573912538447	addons.webextension.screenshots@mozilla.org	WARN	Loading extension 'screenshots@mozilla.org': Reading manifest: Invalid host permission: resource://pdf.js/
1573912538447	addons.webextension.screenshots@mozilla.org	WARN	Loading extension 'screenshots@mozilla.org': Reading manifest: Invalid host permission: about:reader*
1573912543738	Marionette	INFO	Listening on port 41143
1573912543790	Marionette	WARN	TLS certificate errors will be ignored for this session
console.error: BroadcastService: 
  receivedBroadcastMessage: handler for
  remote-settings/monitor_changes
  threw error:
  Message: Error: Polling for changes failed: NetworkError when attempting to fetch resource..
  Stack:
    remoteSettingsFunction/remoteSettings.pollChanges@resource://services-settings/remote-settings.js:750:13

[GFX1-]: Receive IPC close with reason=AbnormalShutdown
[GFX1-]: Receive IPC close with reason=AbnormalShutdown
[Child 22319, Chrome_ChildThread] WARNING: pipe error (3): Connection reset by peer: file /build/firefox-fvtOIe/firefox-64.0+linuxmint2+tessa/ipc/chromium/src/chrome/common/ipc_channel_posix.cc, line 363
Sandbox: Unexpected EOF, op 0 flags 00 path /usr/share/locale/en_US/LC_MESSAGES/libc.mo
[Child 22382, Chrome_ChildThread] WARNING: pipe error (3): Connection reset by peer: file /build/firefox-fvtOIe/firefox-64.0+linuxmint2+tessa/ipc/chromium/src/chrome/common/ipc_channel_posix.cc, line 363
1573912618595	mozrunner::runner	INFO	Running command: "/usr/bin/firefox" "-marionette" "-headless" "-foreground" "-no-remote" "-profile" "/tmp/rust_mozprofileOE7Ldr"
*** You are running in headless mode.
1573912619883	addons.webextension.screenshots@mozilla.org	WARN	Loading extension 'screenshots@mozilla.org': Reading manifest: Invalid host permission: resource://pdf.js/
1573912619884	addons.webextension.screenshots@mozilla.org	WARN	Loading extension 'screenshots@mozilla.org': Reading manifest: Invalid host permission: about:reader*
1573912625108	Marionette	INFO	Listening on port 33755
1573912625244	Marionette	WARN	TLS certificate errors will be ignored for this session
console.error: BroadcastService: 
  receivedBroadcastMessage: handler for
  remote-settings/monitor_changes
  threw error:
  Message: Error: Polling for changes failed: NetworkError when attempting to fetch resource..
  Stack:
    remoteSettingsFunction/remoteSettings.pollChanges@resource://services-settings/remote-settings.js:750:13

[GFX1-]: Receive IPC close with reason=AbnormalShutdown
[Child 22587, Chrome_ChildThread] WARNING: pipe error (3): Connection reset by peer: file /build/firefox-fvtOIe/firefox-64.0+linuxmint2+tessa/ipc/chromium/src/chrome/common/ipc_channel_posix.cc, line 363
[GFX1-]: Receive IPC close with reason=AbnormalShutdown
[Child 22541, Chrome_ChildThread] WARNING: pipe error (3): Connection reset by peer: file /build/firefox-fvtOIe/firefox-64.0+linuxmint2+tessa/ipc/chromium/src/chrome/common/ipc_channel_posix.cc, line 363
[GFX1-]: Receive IPC close with reason=AbnormalShutdown
[Child 22522, Chrome_ChildThread] WARNING: pipe error (3): Connection reset by peer: file /build/firefox-fvtOIe/firefox-64.0+linuxmint2+tessa/ipc/chromium/src/chrome/common/ipc_channel_posix.cc, line 363
1573912706766	mozrunner::runner	INFO	Running command: "/usr/bin/firefox" "-marionette" "-headless" "-foreground" "-no-remote" "-profile" "/tmp/rust_mozprofile8ZcsmA"
*** You are running in headless mode.
1573912707779	addons.webextension.screenshots@mozilla.org	WARN	Loading extension 'screenshots@mozilla.org': Reading manifest: Invalid host permission: resource://pdf.js/
1573912707780	addons.webextension.screenshots@mozilla.org	WARN	Loading extension 'screenshots@mozilla.org': Reading manifest: Invalid host permission: about:reader*
1573912712527	Marionette	INFO	Listening on port 38553
1573912712705	Marionette	WARN	TLS certificate errors will be ignored for this session
console.error: BroadcastService: 
  receivedBroadcastMessage: handler for
  remote-settings/monitor_changes
  threw error:
  Message: Error: Polling for changes failed: NetworkError when attempting to fetch resource..
  Stack:
    remoteSettingsFunction/remoteSettings.pollChanges@resource://services-settings/remote-settings.js:750:13

1573912822077	mozrunner::runner	INFO	Running command: "/usr/bin/firefox" "-marionette" "-headless" "-foreground" "-no-remote" "-profile" "/tmp/rust_mozprofilesOT3RE"
*** You are running in headless mode.
1573912823078	addons.webextension.screenshots@mozilla.org	WARN	Loading extension 'screenshots@mozilla.org': Reading manifest: Invalid host permission: resource://pdf.js/
1573912823078	addons.webextension.screenshots@mozilla.org	WARN	Loading extension 'screenshots@mozilla.org': Reading manifest: Invalid host permission: about:reader*
1573912828312	Marionette	INFO	Listening on port 34283
1573912828371	Marionette	WARN	TLS certificate errors will be ignored for this session
console.error: BroadcastService: 
  receivedBroadcastMessage: handler for
  remote-settings/monitor_changes
  threw error:
  Message: Error: Polling for changes failed: NetworkError when attempting to fetch resource..
  Stack:
    remoteSettingsFunction/remoteSettings.pollChanges@resource://services-settings/remote-settings.js:750:13

[GFX1-]: Receive IPC close with reason=AbnormalShutdown
[Child 23000, Chrome_ChildThread] WARNING: pipe error (3): Connection reset by peer: file /build/firefox-fvtOIe/firefox-64.0+linuxmint2+tessa/ipc/chromium/src/chrome/common/ipc_channel_posix.cc, line 363
[GFX1-]: Receive IPC close with reason=AbnormalShutdown
[Child 22952, Chrome_ChildThread] WARNING: pipe error (3): Connection reset by peer: file /build/firefox-fvtOIe/firefox-64.0+linuxmint2+tessa/ipc/chromium/src/chrome/common/ipc_channel_posix.cc, line 363
[GFX1-]: Receive IPC close with reason=AbnormalShutdown
[Child 22932, Chrome_ChildThread] WARNING: pipe error (3): Connection reset by peer: file /build/firefox-fvtOIe/firefox-64.0+linuxmint2+tessa/ipc/chromium/src/chrome/common/ipc_channel_posix.cc, line 363
1573912856244	mozrunner::runner	INFO	Running command: "/usr/bin/firefox" "-marionette" "-headless" "-foreground" "-no-remote" "-profile" "/tmp/rust_mozprofileD6iF0E"
*** You are running in headless mode.
1573912857206	addons.webextension.screenshots@mozilla.org	WARN	Loading extension 'screenshots@mozilla.org': Reading manifest: Invalid host permission: resource://pdf.js/
1573912857207	addons.webextension.screenshots@mozilla.org	WARN	Loading extension 'screenshots@mozilla.org': Reading manifest: Invalid host permission: about:reader*
1573912862262	Marionette	INFO	Listening on port 33159
1573912862354	Marionette	WARN	TLS certificate errors will be ignored for this session
console.error: BroadcastService: 
  receivedBroadcastMessage: handler for
  remote-settings/monitor_changes
  threw error:
  Message: Error: Polling for changes failed: NetworkError when attempting to fetch resource..
  Stack:
    remoteSettingsFunction/remoteSettings.pollChanges@resource://services-settings/remote-settings.js:750:13

1573912985132	mozrunner::runner	INFO	Running command: "/usr/bin/firefox" "-marionette" "-headless" "-foreground" "-no-remote" "-profile" "/tmp/rust_mozprofileRC5DZW"
*** You are running in headless mode.
1573912986180	addons.webextension.screenshots@mozilla.org	WARN	Loading extension 'screenshots@mozilla.org': Reading manifest: Invalid host permission: resource://pdf.js/
1573912986181	addons.webextension.screenshots@mozilla.org	WARN	Loading extension 'screenshots@mozilla.org': Reading manifest: Invalid host permission: about:reader*
1573912991573	Marionette	INFO	Listening on port 34505
1573912991625	Marionette	WARN	TLS certificate errors will be ignored for this session
console.error: BroadcastService: 
  receivedBroadcastMessage: handler for
  remote-settings/monitor_changes
  threw error:
  Message: Error: Polling for changes failed: NetworkError when attempting to fetch resource..
  Stack:
    remoteSettingsFunction/remoteSettings.pollChanges@resource://services-settings/remote-settings.js:750:13

[GFX1-]: Receive IPC close with reason=AbnormalShutdown
[Child 23441, Chrome_ChildThread] WARNING: pipe error (3): Connection reset by peer: file /build/firefox-fvtOIe/firefox-64.0+linuxmint2+tessa/ipc/chromium/src/chrome/common/ipc_channel_posix.cc, line 363
[GFX1-]: Receive IPC close with reason=AbnormalShutdown
[Child 23393, Chrome_ChildThread] WARNING: pipe error (3): Connection reset by peer: file /build/firefox-fvtOIe/firefox-64.0+linuxmint2+tessa/ipc/chromium/src/chrome/common/ipc_channel_posix.cc, line 363
[GFX1-]: Receive IPC close with reason=AbnormalShutdown
[Child 23366, Chrome_ChildThread] WARNING: pipe error (3): Connection reset by peer: file /build/firefox-fvtOIe/firefox-64.0+linuxmint2+tessa/ipc/chromium/src/chrome/common/ipc_channel_posix.cc, line 363
*** You are running in headless mode.
1580660643906	addons.webextension.doh-rollout@mozilla.org	WARN	Loading extension 'doh-rollout@mozilla.org': Reading manifest: Invalid extension permission: networkStatus
1580660644009	addons.webextension.screenshots@mozilla.org	WARN	Loading extension 'screenshots@mozilla.org': Reading manifest: Invalid extension permission: mozillaAddons
1580660644010	addons.webextension.screenshots@mozilla.org	WARN	Loading extension 'screenshots@mozilla.org': Reading manifest: Invalid extension permission: telemetry
1580660644010	addons.webextension.screenshots@mozilla.org	WARN	Loading extension 'screenshots@mozilla.org': Reading manifest: Invalid extension permission: resource://pdf.js/
1580660644010	addons.webextension.screenshots@mozilla.org	WARN	Loading extension 'screenshots@mozilla.org': Reading manifest: Invalid extension permission: about:reader*
1580660645595	Marionette	INFO	Listening on port 32923
1580660645686	Marionette	WARN	TLS certificate errors will be ignored for this session
JavaScript error: resource:///actors/ContentMetaChild.jsm, line 167: InvalidStateError: An attempt was made to use an object that is not, or is no longer, usable
Exiting due to channel error.
Exiting due to channel error.
Exiting due to channel error.
1580660674218	addons.webextension.doh-rollout@mozilla.org	WARN	Loading extension 'doh-rollout@mozilla.org': Reading manifest: Invalid extension permission: networkStatus
1580660674351	addons.webextension.screenshots@mozilla.org	WARN	Loading extension 'screenshots@mozilla.org': Reading manifest: Invalid extension permission: mozillaAddons
1580660674351	addons.webextension.screenshots@mozilla.org	WARN	Loading extension 'screenshots@mozilla.org': Reading manifest: Invalid extension permission: telemetry
1580660674352	addons.webextension.screenshots@mozilla.org	WARN	Loading extension 'screenshots@mozilla.org': Reading manifest: Invalid extension permission: resource://pdf.js/
1580660674352	addons.webextension.screenshots@mozilla.org	WARN	Loading extension 'screenshots@mozilla.org': Reading manifest: Invalid extension permission: about:reader*
1580660676105	Marionette	INFO	Listening on port 44317
1580660676130	Marionette	WARN	TLS certificate errors will be ignored for this session
JavaScript error: resource:///actors/ContentMetaChild.jsm, line 167: InvalidStateError: An attempt was made to use an object that is not, or is no longer, usable
1580660685185	Marionette	INFO	Stopped listening on port 44317
1580660719614	addons.webextension.doh-rollout@mozilla.org	WARN	Loading extension 'doh-rollout@mozilla.org': Reading manifest: Invalid extension permission: networkStatus
1580660719746	addons.webextension.screenshots@mozilla.org	WARN	Loading extension 'screenshots@mozilla.org': Reading manifest: Invalid extension permission: mozillaAddons
1580660719746	addons.webextension.screenshots@mozilla.org	WARN	Loading extension 'screenshots@mozilla.org': Reading manifest: Invalid extension permission: telemetry
1580660719746	addons.webextension.screenshots@mozilla.org	WARN	Loading extension 'screenshots@mozilla.org': Reading manifest: Invalid extension permission: resource://pdf.js/
1580660719746	addons.webextension.screenshots@mozilla.org	WARN	Loading extension 'screenshots@mozilla.org': Reading manifest: Invalid extension permission: about:reader*
1580660721393	Marionette	INFO	Listening on port 37925
1580660721462	Marionette	WARN	TLS certificate errors will be ignored for this session
JavaScript error: resource:///actors/ContentMetaChild.jsm, line 167: InvalidStateError: An attempt was made to use an object that is not, or is no longer, usable
Exiting due to channel error.
Exiting due to channel error.
Exiting due to channel error.
1580661466446	addons.webextension.doh-rollout@mozilla.org	WARN	Loading extension 'doh-rollout@mozilla.org': Reading manifest: Invalid extension permission: networkStatus
1580661466576	addons.webextension.screenshots@mozilla.org	WARN	Loading extension 'screenshots@mozilla.org': Reading manifest: Invalid extension permission: mozillaAddons
1580661466576	addons.webextension.screenshots@mozilla.org	WARN	Loading extension 'screenshots@mozilla.org': Reading manifest: Invalid extension permission: telemetry
1580661466576	addons.webextension.screenshots@mozilla.org	WARN	Loading extension 'screenshots@mozilla.org': Reading manifest: Invalid extension permission: resource://pdf.js/
1580661466576	addons.webextension.screenshots@mozilla.org	WARN	Loading extension 'screenshots@mozilla.org': Reading manifest: Invalid extension permission: about:reader*
1580661468334	Marionette	INFO	Listening on port 33671
1580661468357	Marionette	WARN	TLS certificate errors will be ignored for this session
JavaScript error: resource:///actors/ContentMetaChild.jsm, line 167: InvalidStateError: An attempt was made to use an object that is not, or is no longer, usable
1580661510310	Marionette	INFO	Stopped listening on port 33671
1592126864528	Marionette	INFO	Listening on port 44799
1592126864587	Marionette	WARN	TLS certificate errors will be ignored for this session
JavaScript warning: https://www.facebook.com/rsrc.php/v3/yJ/r/Xzoi3bwhRtX.js?_nc_x=VePt5qzn5HE, line 42: unreachable code after return statement
JavaScript warning: https://www.facebook.com/rsrc.php/v3/yJ/r/Xzoi3bwhRtX.js?_nc_x=VePt5qzn5HE, line 42: unreachable code after return statement
JavaScript warning: https://www.facebook.com/rsrc.php/v3/yJ/r/Xzoi3bwhRtX.js?_nc_x=VePt5qzn5HE, line 42: unreachable code after return statement
1592126986609	Marionette	INFO	Listening on port 37005
1592126986718	Marionette	WARN	TLS certificate errors will be ignored for this session
JavaScript warning: https://static.xx.fbcdn.net/rsrc.php/v3/yJ/r/Xzoi3bwhRtX.js?_nc_x=VePt5qzn5HE, line 42: unreachable code after return statement
JavaScript warning: https://static.xx.fbcdn.net/rsrc.php/v3/yJ/r/Xzoi3bwhRtX.js?_nc_x=VePt5qzn5HE, line 42: unreachable code after return statement
JavaScript warning: https://static.xx.fbcdn.net/rsrc.php/v3/yJ/r/Xzoi3bwhRtX.js?_nc_x=VePt5qzn5HE, line 42: unreachable code after return statement
JavaScript error: resource://gre/actors/BrowserElementParent.jsm, line 314: TypeError: state is undefined
JavaScript error: resource://gre/actors/BrowserElementParent.jsm, line 314: TypeError: state is undefined
IPDL protocol error: Handler returned error code!

###!!! [Parent][DispatchAsyncMessage] Error: PLayerTransaction::Msg_ReleaseLayer Processing error: message was deserialized, but the handler returned false (indicating failure)

IPDL protocol error: Handler returned error code!

###!!! [Parent][DispatchAsyncMessage] Error: PLayerTransaction::Msg_ReleaseLayer Processing error: message was deserialized, but the handler returned false (indicating failure)

IPDL protocol error: Handler returned error code!

###!!! [Parent][DispatchAsyncMessage] Error: PLayerTransaction::Msg_ReleaseLayer Processing error: message was deserialized, but the handler returned false (indicating failure)

IPDL protocol error: Handler returned error code!

###!!! [Parent][DispatchAsyncMessage] Error: PLayerTransaction::Msg_ReleaseLayer Processing error: message was deserialized, but the handler returned false (indicating failure)

JavaScript error: resource:///modules/FaviconLoader.jsm, line 568: InvalidStateError: An attempt was made to use an object that is not, or is no longer, usable
1592127004366	Marionette	INFO	Stopped listening on port 37005
1592127023556	Marionette	INFO	Listening on port 35117
1592127023611	Marionette	WARN	TLS certificate errors will be ignored for this session
1592127071002	Marionette	INFO	Stopped listening on port 35117
1592127660026	Marionette	INFO	Listening on port 43791
1592127660059	Marionette	WARN	TLS certificate errors will be ignored for this session
Exiting due to channel error.
Exiting due to channel error.
[GFX1-]: Receive IPC close with reason=AbnormalShutdown
Exiting due to channel error.
1592128531375	Marionette	INFO	Listening on port 43895
1592128531434	Marionette	WARN	TLS certificate errors will be ignored for this session
1592128536065	Marionette	INFO	Stopped listening on port 43895
1592128572798	Marionette	INFO	Listening on port 36509
1592128572867	Marionette	WARN	TLS certificate errors will be ignored for this session
1592128596981	Marionette	INFO	Stopped listening on port 36509
1592128664679	Marionette	INFO	Listening on port 33615
1592128664741	Marionette	WARN	TLS certificate errors will be ignored for this session
1592128741459	Marionette	INFO	Listening on port 42069
1592128741523	Marionette	WARN	TLS certificate errors will be ignored for this session
1592128743020	Marionette	INFO	Stopped listening on port 33615
console.error: "Store does not have a valid reducer. Make sure the argument passed to combineReducers is an object whose values are reducers."
1592128888711	Marionette	INFO	Stopped listening on port 42069
1592128902333	Marionette	INFO	Listening on port 36777
1592128902431	Marionette	WARN	TLS certificate errors will be ignored for this session
Exiting due to channel error.
Exiting due to channel error.
[GFX1-]: Receive IPC close with reason=AbnormalShutdown
Exiting due to channel error.
1592128961167	Marionette	INFO	Listening on port 37417
1592128961186	Marionette	WARN	TLS certificate errors will be ignored for this session
1592129325964	Marionette	INFO	Stopped listening on port 37417
1592129330350	Marionette	INFO	Listening on port 33383
1592129330440	Marionette	WARN	TLS certificate errors will be ignored for this session
Exiting due to channel error.
Exiting due to channel error.
Exiting due to channel error.
1592129409864	Marionette	INFO	Listening on port 46461
1592129409965	Marionette	WARN	TLS certificate errors will be ignored for this session
Exiting due to channel error.
Exiting due to channel error.
Exiting due to channel error.
1592131285305	Marionette	INFO	Listening on port 44427
1592131285355	Marionette	WARN	TLS certificate errors will be ignored for this session
1592131395289	Marionette	INFO	Listening on port 34145
1592131395322	Marionette	WARN	TLS certificate errors will be ignored for this session
1592131415741	Marionette	INFO	Stopped listening on port 34145
1592131467747	Marionette	INFO	Listening on port 33617
1592131467809	Marionette	WARN	TLS certificate errors will be ignored for this session
1592131500988	Marionette	INFO	Listening on port 38909
1592131501013	Marionette	WARN	TLS certificate errors will be ignored for this session
1592131505885	Marionette	INFO	Stopped listening on port 33617
1592131506732	Marionette	INFO	Stopped listening on port 44427
1592131541261	Marionette	INFO	Listening on port 36439
1592131541280	Marionette	WARN	TLS certificate errors will be ignored for this session
1592131542331	Marionette	INFO	Stopped listening on port 38909
Exiting due to channel error.
Exiting due to channel error.
Exiting due to channel error.
1592132349383	Marionette	INFO	Listening on port 36705
1592132349452	Marionette	WARN	TLS certificate errors will be ignored for this session
1592132374716	Marionette	INFO	Listening on port 44765
1592132374798	Marionette	WARN	TLS certificate errors will be ignored for this session
1592132379733	Marionette	INFO	Stopped listening on port 36705
1592132388399	Marionette	INFO	Stopped listening on port 44765
1592132425384	Marionette	INFO	Listening on port 46555
1592132425487	Marionette	WARN	TLS certificate errors will be ignored for this session
console.error: "Store does not have a valid reducer. Make sure the argument passed to combineReducers is an object whose values are reducers."
console.error: "Error while calling actor 'pagestyle's method 'getLayout'" "node is null"
console.error: "getLayout@resource://devtools/server/actors/styles.js:944:5\nhandler@resource://devtools/shared/protocol/Actor.js:154:37\nonPacket@resource://devtools/server/devtools-server-connection.js:380:58\nreceiveMessage@resource://devtools/shared/transport/child-transport.js:66:16\n"
console.error: "Error while calling actor 'pagestyle's method 'getApplied'" "node is null"
console.error: "getApplied@resource://devtools/server/actors/styles.js:587:5\nhandler@resource://devtools/shared/protocol/Actor.js:154:37\nonPacket@resource://devtools/server/devtools-server-connection.js:380:58\nreceiveMessage@resource://devtools/shared/transport/child-transport.js:66:16\n"
console.error: (new Error("Protocol error (unknownError): node is null from: server0.conn0.child2/pagestyle25", "resource://devtools/shared/protocol/Front.js", 319))
console.error: (new Error("Protocol error (noSuchActor): No such actor for ID: server0.conn0.child2/domnode153 from: server0.conn0.child2/domnode153", "resource://devtools/shared/protocol/Front.js", 319))
Exiting due to channel error.
[GFX1-]: Receive IPC close with reason=AbnormalShutdown
Exiting due to channel error.
Exiting due to channel error.
1592133384362	Marionette	INFO	Listening on port 43577
1592133384429	Marionette	WARN	TLS certificate errors will be ignored for this session
1592133411745	Marionette	INFO	Listening on port 36957
1592133411786	Marionette	WARN	TLS certificate errors will be ignored for this session
1592133417892	Marionette	INFO	Stopped listening on port 43577
Exiting due to channel error.
[GFX1-]: Receive IPC close with reason=AbnormalShutdown
Exiting due to channel error.
Exiting due to channel error.
1592133458507	Marionette	INFO	Listening on port 35415
1592133458525	Marionette	WARN	TLS certificate errors will be ignored for this session
Exiting due to channel error.
Exiting due to channel error.
Exiting due to channel error.
1592133469717	Marionette	INFO	Listening on port 43965
1592133469801	Marionette	WARN	TLS certificate errors will be ignored for this session
Exiting due to channel error.
Exiting due to channel error.
Exiting due to channel error.
1592133580716	Marionette	INFO	Listening on port 40995
1592133580758	Marionette	WARN	TLS certificate errors will be ignored for this session
Exiting due to channel error.
Exiting due to channel error.
Exiting due to channel error.
1592133993836	Marionette	INFO	Listening on port 34571
1592133993856	Marionette	WARN	TLS certificate errors will be ignored for this session
1592134017094	Marionette	INFO	Listening on port 40887
1592134017140	Marionette	WARN	TLS certificate errors will be ignored for this session
1592134020349	Marionette	INFO	Stopped listening on port 34571
console.error: "Store does not have a valid reducer. Make sure the argument passed to combineReducers is an object whose values are reducers."
console.error: "Error while calling actor 'pagestyle's method 'getLayout'" "node is null"
console.error: "getLayout@resource://devtools/server/actors/styles.js:944:5\nhandler@resource://devtools/shared/protocol/Actor.js:154:37\nonPacket@resource://devtools/server/devtools-server-connection.js:380:58\nreceiveMessage@resource://devtools/shared/transport/child-transport.js:66:16\n"
console.error: "Error while calling actor 'pagestyle's method 'getApplied'" "node is null"
console.error: "getApplied@resource://devtools/server/actors/styles.js:587:5\nhandler@resource://devtools/shared/protocol/Actor.js:154:37\nonPacket@resource://devtools/server/devtools-server-connection.js:380:58\nreceiveMessage@resource://devtools/shared/transport/child-transport.js:66:16\n"
console.error: (new Error("Protocol error (unknownError): node is null from: server0.conn0.child2/pagestyle25", "resource://devtools/shared/protocol/Front.js", 319))
console.error: (new Error("Protocol error (noSuchActor): No such actor for ID: server0.conn0.child2/domnode180 from: server0.conn0.child2/domnode180", "resource://devtools/shared/protocol/Front.js", 319))
console.error: "Error while calling actor 'pagestyle's method 'getApplied'" "node is null"
console.error: "getApplied@resource://devtools/server/actors/styles.js:587:5\nhandler@resource://devtools/shared/protocol/Actor.js:154:37\nonPacket@resource://devtools/server/devtools-server-connection.js:380:58\nreceiveMessage@resource://devtools/shared/transport/child-transport.js:66:16\n"
console.error: (new Error("Protocol error (unknownError): node is null from: server0.conn0.child2/pagestyle25", "resource://devtools/shared/protocol/Front.js", 319))
console.error: "Error while calling actor 'pagestyle's method 'getUsedFontFaces'" "node is null"
console.error: "getUsedFontFaces@resource://devtools/server/actors/styles.js:384:24\nhandler@resource://devtools/shared/protocol/Actor.js:154:37\nonPacket@resource://devtools/server/devtools-server-connection.js:380:58\nreceiveMessage@resource://devtools/shared/transport/child-transport.js:66:16\n"
console.error: "Could not get the list of font families" (new Error("Protocol error (unknownError): node is null from: server0.conn0.child2/pagestyle25", "resource://devtools/shared/protocol/Front.js", 319))
console.error: "Error while calling actor 'pagestyle's method 'getApplied'" "node is null"
console.error: "getApplied@resource://devtools/server/actors/styles.js:587:5\nhandler@resource://devtools/shared/protocol/Actor.js:154:37\nonPacket@resource://devtools/server/devtools-server-connection.js:380:58\nreceiveMessage@resource://devtools/shared/transport/child-transport.js:66:16\n"
console.error: "Error while calling actor 'pagestyle's method 'getUsedFontFaces'" "node is null"
console.error: "getUsedFontFaces@resource://devtools/server/actors/styles.js:384:24\nhandler@resource://devtools/shared/protocol/Actor.js:154:37\nonPacket@resource://devtools/server/devtools-server-connection.js:380:58\nreceiveMessage@resource://devtools/shared/transport/child-transport.js:66:16\n"
console.error: (new Error("Protocol error (unknownError): node is null from: server0.conn0.child2/pagestyle25", "resource://devtools/shared/protocol/Front.js", 319))
console.error: "Could not get the list of font families" (new Error("Protocol error (unknownError): node is null from: server0.conn0.child2/pagestyle25", "resource://devtools/shared/protocol/Front.js", 319))
console.error: "Error while calling actor 'pagestyle's method 'getLayout'" "node is null"
console.error: "getLayout@resource://devtools/server/actors/styles.js:944:5\nhandler@resource://devtools/shared/protocol/Actor.js:154:37\nonPacket@resource://devtools/server/devtools-server-connection.js:380:58\nreceiveMessage@resource://devtools/shared/transport/child-transport.js:66:16\n"
console.error: "Error while calling actor 'pagestyle's method 'getUsedFontFaces'" "node is null"
console.error: "getUsedFontFaces@resource://devtools/server/actors/styles.js:384:24\nhandler@resource://devtools/shared/protocol/Actor.js:154:37\nonPacket@resource://devtools/server/devtools-server-connection.js:380:58\nreceiveMessage@resource://devtools/shared/transport/child-transport.js:66:16\n"
console.error: (new Error("Protocol error (unknownError): node is null from: server0.conn0.child2/pagestyle25", "resource://devtools/shared/protocol/Front.js", 319))
console.error: "Could not get the list of font families" (new Error("Protocol error (unknownError): node is null from: server0.conn0.child2/pagestyle25", "resource://devtools/shared/protocol/Front.js", 319))
Exiting due to channel error.
Exiting due to channel error.
Exiting due to channel error.
1592136022337	Marionette	INFO	Listening on port 44959
1592136022379	Marionette	WARN	TLS certificate errors will be ignored for this session
Exiting due to channel error.
Exiting due to channel error.
Exiting due to channel error.
1592141010600	Marionette	INFO	Listening on port 37039
1592141010683	Marionette	WARN	TLS certificate errors will be ignored for this session
1592141035486	Marionette	INFO	Stopped listening on port 37039
1592141126185	Marionette	INFO	Listening on port 35425
1592141126270	Marionette	WARN	TLS certificate errors will be ignored for this session
Exiting due to channel error.
Exiting due to channel error.
Exiting due to channel error.
1592141308402	Marionette	INFO	Listening on port 33423
1592141308436	Marionette	WARN	TLS certificate errors will be ignored for this session
1592141352070	Marionette	INFO	Stopped listening on port 33423
1592141792190	Marionette	INFO	Listening on port 44627
1592141792222	Marionette	WARN	TLS certificate errors will be ignored for this session
1592141854566	Marionette	INFO	Listening on port 40827
1592141854623	Marionette	WARN	TLS certificate errors will be ignored for this session
1592141859607	Marionette	INFO	Stopped listening on port 44627
1592141953164	Marionette	INFO	Listening on port 37295
1592141953229	Marionette	WARN	TLS certificate errors will be ignored for this session
1592141956517	Marionette	INFO	Stopped listening on port 40827
1592142022212	Marionette	INFO	Listening on port 37311
1592142022295	Marionette	WARN	TLS certificate errors will be ignored for this session
1592142024020	Marionette	INFO	Stopped listening on port 37295
1592142275327	Marionette	INFO	Listening on port 44035
1592142275401	Marionette	WARN	TLS certificate errors will be ignored for this session
1592142381987	Marionette	INFO	Listening on port 45585
1592142382028	Marionette	WARN	TLS certificate errors will be ignored for this session
1592142482070	Marionette	INFO	Stopped listening on port 44035
1592162187854	Marionette	INFO	Stopped listening on port 45585
1592162190429	Marionette	INFO	Stopped listening on port 37311
1592162196899	Marionette	INFO	Listening on port 44611
1592162196984	Marionette	WARN	TLS certificate errors will be ignored for this session
JavaScript error: resource://gre/actors/ThumbnailsChild.jsm, line 29: InvalidStateError: An attempt was made to use an object that is not, or is no longer, usable
JavaScript error: resource://gre/actors/ThumbnailsChild.jsm, line 29: InvalidStateError: An attempt was made to use an object that is not, or is no longer, usable
